#
# A fatal error has been detected by the Java Runtime Environment:
#
#  EXCEPTION_ACCESS_VIOLATION (0xc0000005) at pc=0x0250f5fd, pid=16044, tid=0x00001d88
#
# JRE version: Java(TM) SE Runtime Environment (8.0_191-b12) (build 1.8.0_191-b12)
# Java VM: Java HotSpot(TM) Client VM (25.191-b12 mixed mode windows-x86 )
# Problematic frame:
# C  0x0250f5fd
#
# Failed to write core dump. Minidumps are not enabled by default on client versions of Windows
#
# If you would like to submit a bug report, please visit:
#   http://bugreport.java.com/bugreport/crash.jsp
#

---------------  T H R E A D  ---------------

Current thread (0x291d7000):  JavaThread "SocketListener(2a01-cb1d-60c-df00-b8db-2684-398b-cf9.local.)" daemon [_thread_in_Java, id=7560, stack(0x2a160000,0x2a1b0000)]

siginfo: ExceptionCode=0xc0000005, ExceptionInformation=0x00000008 0x0250f5fd

Registers:
EAX=0x06cd4698, EBX=0x0000002d, ECX=0x00000219, EDX=0x2c21a010
ESP=0x2a1af38c, EBP=0x2a1af3b4, ESI=0x29d6bbdb, EDI=0x2a1af3d0
EIP=0x0250f5fd, EFLAGS=0x00010206

Top of Stack: (sp=0x2a1af38c)
0x2a1af38c:   061fd138 061fd428 2a1af394 29d6bbd8
0x2a1af39c:   2a1af3d0 2c21a010 00000000 29d6bc60
0x2a1af3ac:   00000000 2a1af3bc 2a1af3f4 02744864
0x2a1af3bc:   00001194 00000000 06cd44a8 06cd4698
0x2a1af3cc:   061fd138 061fd428 2a1af3d4 29d6ad59
0x2a1af3dc:   2a1af410 2c21c400 00000000 29d6adb8
0x2a1af3ec:   2a1af3bc 2a1af3fc 2a1af438 02744864
0x2a1af3fc:   061fd3e8 00001194 00000000 06cd44a8 

Instructions: (pc=0x0250f5fd)
0x0250f5dd:   
[error occurred during error reporting (printing registers, top of stack, instructions near pc), id 0xc0000005]

Register to memory mapping:

EAX=0x06cd4698 is an oop
javax.jmdns.impl.constants.DNSRecordType 
 - klass: 'javax/jmdns/impl/constants/DNSRecordType'
EBX=0x0000002d is an unknown value
ECX=0x00000219 is an unknown value
EDX=0x2c21a010 is pointing into metadata
ESP=0x2a1af38c is pointing into the stack for thread: 0x291d7000
EBP=0x2a1af3b4 is pointing into the stack for thread: 0x291d7000
ESI=0x29d6bbdb is pointing into metadata
EDI=0x2a1af3d0 is pointing into the stack for thread: 0x291d7000


Stack: [0x2a160000,0x2a1b0000],  sp=0x2a1af38c,  free space=316k
Native frames: (J=compiled Java code, j=interpreted, Vv=VM code, C=native code)
C  0x0250f5fd
j  javax.jmdns.impl.DNSRecord$Pointer.<init>(Ljava/lang/String;Ljavax/jmdns/impl/constants/DNSRecordClass;ZILjava/lang/String;)V+9
j  javax.jmdns.impl.DNSIncoming.readAnswer(Ljava/net/InetAddress;)Ljavax/jmdns/impl/DNSRecord;+290
j  javax.jmdns.impl.DNSIncoming.<init>(Ljava/net/DatagramPacket;)V+312
j  javax.jmdns.impl.SocketListener.run()V+119
v  ~StubRoutines::call_stub
V  [jvm.dll+0x15c315]
V  [jvm.dll+0x223ece]
V  [jvm.dll+0x15c3ae]
V  [jvm.dll+0x15c536]
V  [jvm.dll+0x15c5a7]
V  [jvm.dll+0x1002ef]
V  [jvm.dll+0x17f550]
V  [jvm.dll+0x17fdca]
V  [jvm.dll+0x1c57a6]
C  [msvcr100.dll+0x5c556]
C  [msvcr100.dll+0x5c600]
C  [KERNEL32.DLL+0x16359]
C  [ntdll.dll+0x67b74]
C  [ntdll.dll+0x67b44]
C  0x00000000


---------------  P R O C E S S  ---------------

Java Threads: ( => current thread )
  0x292dc400 JavaThread "Keep-Alive-Timer" daemon [_thread_blocked, id=2268, stack(0x00a60000,0x00ab0000)]
  0x292da400 JavaThread "DestroyJavaVM" [_thread_blocked, id=2436, stack(0x00c40000,0x00c90000)]
  0x292d7800 JavaThread "Timer-0" [_thread_blocked, id=14996, stack(0x2c370000,0x2c3c0000)]
  0x292d9800 JavaThread "TimerQueue" daemon [_thread_in_Java, id=9860, stack(0x2c150000,0x2c1a0000)]
  0x292d7400 JavaThread "Image Fetcher 0" daemon [_thread_blocked, id=15888, stack(0x29b70000,0x29bc0000)]
  0x292d6c00 JavaThread "JmDNS(192-168-1-23.local.).State.Timer" [_thread_blocked, id=248, stack(0x2ab60000,0x2abb0000)]
  0x292dd800 JavaThread "JmDNS(192-168-1-23.local.).Timer" daemon [_thread_blocked, id=14648, stack(0x2a9d0000,0x2aa20000)]
  0x292db800 JavaThread "SocketListener(192-168-1-23.local.)" daemon [_thread_in_Java, id=21972, stack(0x2a940000,0x2a990000)]
  0x292ddc00 JavaThread "Image Fetcher 3" daemon [_thread_blocked, id=6564, stack(0x2a7b0000,0x2a800000)]
  0x292d6400 JavaThread "Batik CleanerThread" daemon [_thread_blocked, id=19092, stack(0x2a720000,0x2a770000)]
  0x292db000 JavaThread "JmDNS(fe80-0-0-0-5528-a9b-bfc1-40dc-wlan5.local.).State.Timer" [_thread_blocked, id=5244, stack(0x2a590000,0x2a5e0000)]
  0x292dbc00 JavaThread "JmDNS(fe80-0-0-0-5528-a9b-bfc1-40dc-wlan5.local.).Timer" daemon [_thread_blocked, id=18136, stack(0x2a500000,0x2a550000)]
  0x292d8400 JavaThread "SocketListener(fe80-0-0-0-5528-a9b-bfc1-40dc-wlan5.local.)" daemon [_thread_in_native, id=11060, stack(0x2a470000,0x2a4c0000)]
  0x291d8800 JavaThread "JmDNS(2a01-cb1d-60c-df00-b8db-2684-398b-cf9.local.).State.Timer" [_thread_blocked, id=2856, stack(0x2a280000,0x2a2d0000)]
  0x291d8400 JavaThread "JmDNS(2a01-cb1d-60c-df00-b8db-2684-398b-cf9.local.).Timer" daemon [_thread_blocked, id=14056, stack(0x2a1f0000,0x2a240000)]
=>0x291d7000 JavaThread "SocketListener(2a01-cb1d-60c-df00-b8db-2684-398b-cf9.local.)" daemon [_thread_in_Java, id=7560, stack(0x2a160000,0x2a1b0000)]
  0x291d7800 JavaThread "JmmDNS pool-2-thread-1" [_thread_blocked, id=9160, stack(0x2a0d0000,0x2a120000)]
  0x291d7c00 JavaThread "JmDNS(2a01-cb1d-60c-df00-5528-a9b-bfc1-40dc.local.).State.Timer" [_thread_blocked, id=936, stack(0x2a040000,0x2a090000)]
  0x291d9000 JavaThread "JmDNS(2a01-cb1d-60c-df00-5528-a9b-bfc1-40dc.local.).Timer" daemon [_thread_blocked, id=21776, stack(0x29fb0000,0x2a000000)]
  0x291d6800 JavaThread "SocketListener(2a01-cb1d-60c-df00-5528-a9b-bfc1-40dc.local.)" daemon [_thread_in_Java, id=11348, stack(0x29f20000,0x29f70000)]
  0x291c1c00 JavaThread "AWT-EventQueue-0" [_thread_blocked, id=18396, stack(0x29e90000,0x29ee0000)]
  0x2907a000 JavaThread "Multihomed mDNS.Timer" daemon [_thread_blocked, id=21940, stack(0x29ae0000,0x29b30000)]
  0x2907ac00 JavaThread "cc.arduino.packages.discoverers.serial.SerialDiscovery" [_thread_blocked, id=4288, stack(0x29d00000,0x29d50000)]
  0x264c7000 JavaThread "AWT-Windows" daemon [_thread_in_native, id=22268, stack(0x269f0000,0x26a40000)]
  0x264c6400 JavaThread "AWT-Shutdown" [_thread_blocked, id=9584, stack(0x26960000,0x269b0000)]
  0x264c5800 JavaThread "Java2D Disposer" daemon [_thread_blocked, id=18972, stack(0x268d0000,0x26920000)]
  0x25b09000 JavaThread "Service Thread" daemon [_thread_blocked, id=2516, stack(0x26140000,0x26190000)]
  0x25ae2800 JavaThread "C1 CompilerThread0" daemon [_thread_blocked, id=3844, stack(0x260b0000,0x26100000)]
  0x25ae0400 JavaThread "Attach Listener" daemon [_thread_blocked, id=14892, stack(0x26020000,0x26070000)]
  0x25ade800 JavaThread "Signal Dispatcher" daemon [_thread_blocked, id=15392, stack(0x25f90000,0x25fe0000)]
  0x25acc400 JavaThread "Finalizer" daemon [_thread_blocked, id=9248, stack(0x25dd0000,0x25e20000)]
  0x25ac6400 JavaThread "Reference Handler" daemon [_thread_blocked, id=2864, stack(0x25d40000,0x25d90000)]

Other Threads:
  0x25ab0c00 VMThread [stack: 0x25cb0000,0x25d00000] [id=10016]
  0x25b14000 WatcherThread [stack: 0x261d0000,0x26220000] [id=3328]

VM state:not at safepoint (normal execution)

VM Mutex/Monitor currently owned by a thread: None

Heap:
 def new generation   total 39424K, used 28969K [0x04a00000, 0x074c0000, 0x0f4a0000)
  eden space 35072K,  70% used [0x04a00000, 0x0620a748, 0x06c40000)
  from space 4352K, 100% used [0x06c40000, 0x07080000, 0x07080000)
  to   space 4352K,   0% used [0x07080000, 0x07080000, 0x074c0000)
 tenured generation   total 87424K, used 30904K [0x0f4a0000, 0x14a00000, 0x24a00000)
   the space 87424K,  35% used [0x0f4a0000, 0x112ce110, 0x112ce200, 0x14a00000)
 Metaspace       used 18883K, capacity 19470K, committed 19584K, reserved 19840K

Card table byte_map: [0x24a00000,0x24b10000] byte_map_base: 0x249db000

Polling page: 0x008b0000

CodeCache: size=32768Kb used=3321Kb max_used=3321Kb free=29446Kb
 bounds [0x02740000, 0x02a80000, 0x04740000]
 total_blobs=2016 nmethods=1747 adapters=199
 compilation: enabled

Compilation events (10 events):
Event: 2.110 Thread 0x25ae2800 1767             javax.jmdns.impl.DNSOutgoing$MessageOutputStream::writeUTF (207 bytes)
Event: 2.112 Thread 0x25ae2800 nmethod 1767 0x02a7cb48 code [0x02a7ccc0, 0x02a7d02c]
Event: 2.151 Thread 0x25ae2800 1768             javax.jmdns.impl.DNSOutgoing$MessageOutputStream::writeByte (10 bytes)
Event: 2.152 Thread 0x25ae2800 nmethod 1768 0x02a7d488 code [0x02a7d590, 0x02a7d7ec]
Event: 2.291 Thread 0x25ae2800 1769             javax.jmdns.impl.DNSIncoming$MessageInputStream::readUTF (204 bytes)
Event: 2.293 Thread 0x25ae2800 nmethod 1769 0x02a7da08 code [0x02a7db80, 0x02a7e090]
Event: 2.427 Thread 0x25ae2800 1770             javax.jmdns.impl.constants.DNSRecordType::typeForIndex (55 bytes)
Event: 2.427 Thread 0x25ae2800 nmethod 1770 0x02a7e548 code [0x02a7e670, 0x02a7e828]
Event: 4.152 Thread 0x25ae2800 1771             java.lang.Enum::hashCode (5 bytes)
Event: 4.153 Thread 0x25ae2800 nmethod 1771 0x02a7ea48 code [0x02a7eb40, 0x02a7ebcc]

GC Heap History (10 events):
Event: 0.420 GC heap before
{Heap before GC invocations=0 (full 0):
 def new generation   total 39296K, used 34944K [0x04a00000, 0x074a0000, 0x0f4a0000)
  eden space 34944K, 100% used [0x04a00000, 0x06c20000, 0x06c20000)
  from space 4352K,   0% used [0x06c20000, 0x06c20000, 0x07060000)
  to   space 4352K,   0% used [0x07060000, 0x07060000, 0x074a0000)
 tenured generation   total 87424K, used 0K [0x0f4a0000, 0x14a00000, 0x24a00000)
   the space 87424K,   0% used [0x0f4a0000, 0x0f4a0000, 0x0f4a0200, 0x14a00000)
 Metaspace       used 10184K, capacity 10363K, committed 10368K, reserved 10624K
Event: 0.427 GC heap after
Heap after GC invocations=1 (full 0):
 def new generation   total 39296K, used 4352K [0x04a00000, 0x074a0000, 0x0f4a0000)
  eden space 34944K,   0% used [0x04a00000, 0x04a00000, 0x06c20000)
  from space 4352K, 100% used [0x07060000, 0x074a0000, 0x074a0000)
  to   space 4352K,   0% used [0x06c20000, 0x06c20000, 0x07060000)
 tenured generation   total 87424K, used 3011K [0x0f4a0000, 0x14a00000, 0x24a00000)
   the space 87424K,   3% used [0x0f4a0000, 0x0f790c80, 0x0f790e00, 0x14a00000)
 Metaspace       used 10184K, capacity 10363K, committed 10368K, reserved 10624K
}
Event: 0.623 GC heap before
{Heap before GC invocations=1 (full 0):
 def new generation   total 39296K, used 39296K [0x04a00000, 0x074a0000, 0x0f4a0000)
  eden space 34944K, 100% used [0x04a00000, 0x06c20000, 0x06c20000)
  from space 4352K, 100% used [0x07060000, 0x074a0000, 0x074a0000)
  to   space 4352K,   0% used [0x06c20000, 0x06c20000, 0x07060000)
 tenured generation   total 87424K, used 3011K [0x0f4a0000, 0x14a00000, 0x24a00000)
   the space 87424K,   3% used [0x0f4a0000, 0x0f790c80, 0x0f790e00, 0x14a00000)
 Metaspace       used 11380K, capacity 11723K, committed 11776K, reserved 12672K
Event: 0.637 GC heap after
Heap after GC invocations=2 (full 0):
 def new generation   total 39296K, used 4352K [0x04a00000, 0x074a0000, 0x0f4a0000)
  eden space 34944K,   0% used [0x04a00000, 0x04a00000, 0x06c20000)
  from space 4352K, 100% used [0x06c20000, 0x07060000, 0x07060000)
  to   space 4352K,   0% used [0x07060000, 0x07060000, 0x074a0000)
 tenured generation   total 87424K, used 11080K [0x0f4a0000, 0x14a00000, 0x24a00000)
   the space 87424K,  12% used [0x0f4a0000, 0x0ff721e8, 0x0ff72200, 0x14a00000)
 Metaspace       used 11380K, capacity 11723K, committed 11776K, reserved 12672K
}
Event: 0.680 GC heap before
{Heap before GC invocations=2 (full 0):
 def new generation   total 39296K, used 20872K [0x04a00000, 0x074a0000, 0x0f4a0000)
  eden space 34944K,  47% used [0x04a00000, 0x05a22328, 0x06c20000)
  from space 4352K, 100% used [0x06c20000, 0x07060000, 0x07060000)
  to   space 4352K,   0% used [0x07060000, 0x07060000, 0x074a0000)
 tenured generation   total 87424K, used 11080K [0x0f4a0000, 0x14a00000, 0x24a00000)
   the space 87424K,  12% used [0x0f4a0000, 0x0ff721e8, 0x0ff72200, 0x14a00000)
 Metaspace       used 11920K, capacity 12279K, committed 12288K, reserved 12672K
Event: 0.707 GC heap after
Heap after GC invocations=3 (full 1):
 def new generation   total 39424K, used 0K [0x04a00000, 0x074c0000, 0x0f4a0000)
  eden space 35072K,   0% used [0x04a00000, 0x04a00000, 0x06c40000)
  from space 4352K,   0% used [0x06c40000, 0x06c40000, 0x07080000)
  to   space 4352K,   0% used [0x07080000, 0x07080000, 0x074c0000)
 tenured generation   total 87424K, used 27343K [0x0f4a0000, 0x14a00000, 0x24a00000)
   the space 87424K,  31% used [0x0f4a0000, 0x10f53d90, 0x10f53e00, 0x14a00000)
 Metaspace       used 11920K, capacity 12279K, committed 12288K, reserved 12672K
}
Event: 1.283 GC heap before
{Heap before GC invocations=3 (full 1):
 def new generation   total 39424K, used 35072K [0x04a00000, 0x074c0000, 0x0f4a0000)
  eden space 35072K, 100% used [0x04a00000, 0x06c40000, 0x06c40000)
  from space 4352K,   0% used [0x06c40000, 0x06c40000, 0x07080000)
  to   space 4352K,   0% used [0x07080000, 0x07080000, 0x074c0000)
 tenured generation   total 87424K, used 27343K [0x0f4a0000, 0x14a00000, 0x24a00000)
   the space 87424K,  31% used [0x0f4a0000, 0x10f53d90, 0x10f53e00, 0x14a00000)
 Metaspace       used 14114K, capacity 14633K, committed 14720K, reserved 14720K
Event: 1.290 GC heap after
Heap after GC invocations=4 (full 1):
 def new generation   total 39424K, used 3441K [0x04a00000, 0x074c0000, 0x0f4a0000)
  eden space 35072K,   0% used [0x04a00000, 0x04a00000, 0x06c40000)
  from space 4352K,  79% used [0x07080000, 0x073dc578, 0x074c0000)
  to   space 4352K,   0% used [0x06c40000, 0x06c40000, 0x07080000)
 tenured generation   total 87424K, used 27343K [0x0f4a0000, 0x14a00000, 0x24a00000)
   the space 87424K,  31% used [0x0f4a0000, 0x10f53d90, 0x10f53e00, 0x14a00000)
 Metaspace       used 14114K, capacity 14633K, committed 14720K, reserved 14720K
}
Event: 1.686 GC heap before
{Heap before GC invocations=4 (full 1):
 def new generation   total 39424K, used 38084K [0x04a00000, 0x074c0000, 0x0f4a0000)
  eden space 35072K,  98% used [0x04a00000, 0x06bd4e30, 0x06c40000)
  from space 4352K,  79% used [0x07080000, 0x073dc578, 0x074c0000)
  to   space 4352K,   0% used [0x06c40000, 0x06c40000, 0x07080000)
 tenured generation   total 87424K, used 27343K [0x0f4a0000, 0x14a00000, 0x24a00000)
   the space 87424K,  31% used [0x0f4a0000, 0x10f53d90, 0x10f53e00, 0x14a00000)
 Metaspace       used 18565K, capacity 19150K, committed 19200K, reserved 19840K
Event: 1.695 GC heap after
Heap after GC invocations=5 (full 1):
 def new generation   total 39424K, used 4352K [0x04a00000, 0x074c0000, 0x0f4a0000)
  eden space 35072K,   0% used [0x04a00000, 0x04a00000, 0x06c40000)
  from space 4352K, 100% used [0x06c40000, 0x07080000, 0x07080000)
  to   space 4352K,   0% used [0x07080000, 0x07080000, 0x074c0000)
 tenured generation   total 87424K, used 30904K [0x0f4a0000, 0x14a00000, 0x24a00000)
   the space 87424K,  35% used [0x0f4a0000, 0x112ce110, 0x112ce200, 0x14a00000)
 Metaspace       used 18565K, capacity 19150K, committed 19200K, reserved 19840K
}

Deoptimization events (0 events):
No events

Classes redefined (0 events):
No events

Internal exceptions (10 events):
Event: 0.929 Thread 0x00a1e400 Exception <a 'sun/nio/fs/WindowsException'> (0x05ba5830) thrown at [C:\workspace\8-2-build-windows-i586-cygwin\jdk8u191\11896\hotspot\src\share\vm\prims\jni.cpp, line 709]
Event: 0.929 Thread 0x00a1e400 Exception <a 'sun/nio/fs/WindowsException'> (0x05ba5e28) thrown at [C:\workspace\8-2-build-windows-i586-cygwin\jdk8u191\11896\hotspot\src\share\vm\prims\jni.cpp, line 709]
Event: 0.929 Thread 0x00a1e400 Exception <a 'sun/nio/fs/WindowsException'> (0x05bb3928) thrown at [C:\workspace\8-2-build-windows-i586-cygwin\jdk8u191\11896\hotspot\src\share\vm\prims\jni.cpp, line 709]
Event: 0.929 Thread 0x00a1e400 Exception <a 'sun/nio/fs/WindowsException'> (0x05bb3f30) thrown at [C:\workspace\8-2-build-windows-i586-cygwin\jdk8u191\11896\hotspot\src\share\vm\prims\jni.cpp, line 709]
Event: 0.930 Thread 0x00a1e400 Exception <a 'sun/nio/fs/WindowsException'> (0x05bbe8e0) thrown at [C:\workspace\8-2-build-windows-i586-cygwin\jdk8u191\11896\hotspot\src\share\vm\prims\jni.cpp, line 709]
Event: 0.930 Thread 0x00a1e400 Exception <a 'sun/nio/fs/WindowsException'> (0x05bbee38) thrown at [C:\workspace\8-2-build-windows-i586-cygwin\jdk8u191\11896\hotspot\src\share\vm\prims\jni.cpp, line 709]
Event: 0.930 Thread 0x00a1e400 Exception <a 'sun/nio/fs/WindowsException'> (0x05bcc3e0) thrown at [C:\workspace\8-2-build-windows-i586-cygwin\jdk8u191\11896\hotspot\src\share\vm\prims\jni.cpp, line 709]
Event: 0.931 Thread 0x00a1e400 Exception <a 'sun/nio/fs/WindowsException'> (0x05bcc9c0) thrown at [C:\workspace\8-2-build-windows-i586-cygwin\jdk8u191\11896\hotspot\src\share\vm\prims\jni.cpp, line 709]
Event: 0.931 Thread 0x00a1e400 Exception <a 'sun/nio/fs/WindowsException'> (0x05bdb860) thrown at [C:\workspace\8-2-build-windows-i586-cygwin\jdk8u191\11896\hotspot\src\share\vm\prims\jni.cpp, line 709]
Event: 0.931 Thread 0x00a1e400 Exception <a 'sun/nio/fs/WindowsException'> (0x05bdbda0) thrown at [C:\workspace\8-2-build-windows-i586-cygwin\jdk8u191\11896\hotspot\src\share\vm\prims\jni.cpp, line 709]

Events (10 events):
Event: 4.119 Executing VM operation: EnableBiasedLocking
Event: 4.119 Executing VM operation: EnableBiasedLocking done
Event: 4.153 Executing VM operation: RevokeBias
Event: 4.153 Executing VM operation: RevokeBias done
Event: 4.153 Executing VM operation: RevokeBias
Event: 4.153 Executing VM operation: RevokeBias done
Event: 4.254 Executing VM operation: RevokeBias
Event: 4.255 Executing VM operation: RevokeBias done
Event: 4.255 loading class javax/jmdns/impl/JmDNSImpl$Operation
Event: 4.255 loading class javax/jmdns/impl/JmDNSImpl$Operation done


Dynamic libraries:
0x00cb0000 - 0x00ce3000 	C:\Program Files (x86)\Arduino\java\bin\javaw.exe
0x77280000 - 0x7741a000 	C:\WINDOWS\SYSTEM32\ntdll.dll
0x76520000 - 0x76600000 	C:\WINDOWS\System32\KERNEL32.DLL
0x769f0000 - 0x76bec000 	C:\WINDOWS\System32\KERNELBASE.dll
0x76150000 - 0x761c9000 	C:\WINDOWS\System32\ADVAPI32.dll
0x76710000 - 0x767cf000 	C:\WINDOWS\System32\msvcrt.dll
0x75240000 - 0x752b6000 	C:\WINDOWS\System32\sechost.dll
0x74fa0000 - 0x7505b000 	C:\WINDOWS\System32\RPCRT4.dll
0x74a50000 - 0x74a70000 	C:\WINDOWS\System32\SspiCli.dll
0x74a40000 - 0x74a4a000 	C:\WINDOWS\System32\CRYPTBASE.dll
0x74a80000 - 0x74adf000 	C:\WINDOWS\System32\bcryptPrimitives.dll
0x75ec0000 - 0x76057000 	C:\WINDOWS\System32\USER32.dll
0x75340000 - 0x75357000 	C:\WINDOWS\System32\win32u.dll
0x751c0000 - 0x751e1000 	C:\WINDOWS\System32\GDI32.dll
0x763a0000 - 0x764fa000 	C:\WINDOWS\System32\gdi32full.dll
0x752c0000 - 0x7533c000 	C:\WINDOWS\System32\msvcp_win.dll
0x76ed0000 - 0x76fef000 	C:\WINDOWS\System32\ucrtbase.dll
0x73ab0000 - 0x73cbf000 	C:\WINDOWS\WinSxS\x86_microsoft.windows.common-controls_6595b64144ccf1df_6.0.18362.418_none_2e73e95e27897f63\COMCTL32.dll
0x76ff0000 - 0x77266000 	C:\WINDOWS\System32\combase.dll
0x769c0000 - 0x769e5000 	C:\WINDOWS\System32\IMM32.DLL
0x73590000 - 0x7364f000 	C:\Program Files (x86)\Arduino\java\bin\msvcr100.dll
0x61240000 - 0x61613000 	C:\Program Files (x86)\Arduino\java\bin\client\jvm.dll
0x76230000 - 0x76236000 	C:\WINDOWS\System32\PSAPI.DLL
0x6b1c0000 - 0x6b1c8000 	C:\WINDOWS\SYSTEM32\WSOCK32.dll
0x749d0000 - 0x749f4000 	C:\WINDOWS\SYSTEM32\WINMM.dll
0x74a20000 - 0x74a28000 	C:\WINDOWS\SYSTEM32\VERSION.dll
0x767d0000 - 0x7682e000 	C:\WINDOWS\System32\WS2_32.dll
0x749a0000 - 0x749c3000 	C:\WINDOWS\SYSTEM32\WINMMBASE.dll
0x76060000 - 0x7609b000 	C:\WINDOWS\System32\cfgmgr32.dll
0x73d00000 - 0x73d30000 	C:\Program Files (x86)\Arduino\java\bin\splashscreen.dll
0x71600000 - 0x7167a000 	C:\WINDOWS\system32\uxtheme.dll
0x73cf0000 - 0x73cfc000 	C:\Program Files (x86)\Arduino\java\bin\verify.dll
0x73cc0000 - 0x73ce2000 	C:\Program Files (x86)\Arduino\java\bin\java.dll
0x76600000 - 0x76703000 	C:\WINDOWS\System32\MSCTF.dll
0x76d80000 - 0x76e12000 	C:\WINDOWS\System32\OLEAUT32.dll
0x73570000 - 0x73584000 	C:\Program Files (x86)\Arduino\java\bin\zip.dll
0x74ae0000 - 0x74aef000 	C:\WINDOWS\System32\kernel.appcore.dll
0x6daf0000 - 0x6db74000 	C:\WINDOWS\System32\TextInputFramework.dll
0x6da60000 - 0x6dae9000 	C:\WINDOWS\System32\CoreMessaging.dll
0x6c520000 - 0x6c77e000 	C:\WINDOWS\System32\CoreUIComponents.dll
0x760c0000 - 0x76144000 	C:\WINDOWS\System32\SHCORE.dll
0x706c0000 - 0x7079a000 	C:\WINDOWS\SYSTEM32\wintypes.dll
0x74210000 - 0x74239000 	C:\WINDOWS\SYSTEM32\ntmarta.dll
0x6c8d0000 - 0x6caf9000 	C:\WINDOWS\System32\iertutil.dll
0x75360000 - 0x758da000 	C:\WINDOWS\System32\SHELL32.dll
0x758e0000 - 0x75ea5000 	C:\WINDOWS\System32\windows.storage.dll
0x76500000 - 0x76517000 	C:\WINDOWS\System32\profapi.dll
0x751f0000 - 0x75233000 	C:\WINDOWS\System32\powrprof.dll
0x76bf0000 - 0x76bfd000 	C:\WINDOWS\System32\UMPDC.dll
0x76e80000 - 0x76ec4000 	C:\WINDOWS\System32\shlwapi.dll
0x75060000 - 0x75073000 	C:\WINDOWS\System32\cryptsp.dll
0x61940000 - 0x619b3000 	C:\Program Files (x86)\Arduino\lib\listSerialsj.dll
0x74b50000 - 0x74f99000 	C:\WINDOWS\System32\SETUPAPI.dll
0x760a0000 - 0x760b9000 	C:\WINDOWS\System32\bcrypt.dll
0x73550000 - 0x7356d000 	C:\Program Files (x86)\Arduino\lib\jnidispatch-4.2.2-win32-x86.dll
0x762a0000 - 0x76397000 	C:\WINDOWS\System32\Ole32.dll
0x73530000 - 0x73545000 	C:\Program Files (x86)\Arduino\java\bin\net.dll
0x74790000 - 0x747e2000 	C:\WINDOWS\system32\mswsock.dll
0x73520000 - 0x7352f000 	C:\Program Files (x86)\Arduino\java\bin\nio.dll
0x733d0000 - 0x73517000 	C:\Program Files (x86)\Arduino\java\bin\awt.dll
0x73250000 - 0x732ef000 	C:\WINDOWS\SYSTEM32\apphelp.dll
0x72ca0000 - 0x72cc5000 	C:\WINDOWS\system32\DWMAPI.DLL
0x73390000 - 0x733c9000 	C:\Program Files (x86)\Arduino\java\bin\fontmanager.dll
0x72490000 - 0x7258f000 	C:\WINDOWS\system32\opengl32.dll
0x72af0000 - 0x72b2f000 	C:\WINDOWS\SYSTEM32\GLU32.dll
0x72c80000 - 0x72c99000 	C:\WINDOWS\SYSTEM32\dxcore.dll
0x73350000 - 0x73382000 	C:\Program Files (x86)\Arduino\java\bin\t2k.dll
0x741c0000 - 0x741e3000 	C:\WINDOWS\SYSTEM32\DEVOBJ.dll
0x74af0000 - 0x74b36000 	C:\WINDOWS\System32\WINTRUST.dll
0x74a70000 - 0x74a7e000 	C:\WINDOWS\System32\MSASN1.dll
0x76c80000 - 0x76d7b000 	C:\WINDOWS\System32\CRYPT32.dll
0x74960000 - 0x74992000 	C:\WINDOWS\SYSTEM32\IPHLPAPI.DLL
0x74b40000 - 0x74b47000 	C:\WINDOWS\System32\NSI.dll
0x748f0000 - 0x74903000 	C:\WINDOWS\SYSTEM32\dhcpcsvc6.DLL
0x74890000 - 0x748a5000 	C:\WINDOWS\SYSTEM32\dhcpcsvc.DLL
0x747f0000 - 0x74881000 	C:\WINDOWS\SYSTEM32\DNSAPI.dll
0x74370000 - 0x74378000 	C:\Windows\System32\rasadhlp.dll
0x72f40000 - 0x72fa9000 	C:\Program Files (x86)\Arduino\msvcp100.dll
0x6a220000 - 0x6a2de000 	C:\Program Files (x86)\Arduino\msvcr100.dll
0x2a2f0000 - 0x2a322000 	C:\Program Files (x86)\Arduino\lib\AStylej.dll
0x73320000 - 0x73344000 	C:\Program Files (x86)\Arduino\java\bin\dcpr.dll
0x76c00000 - 0x76c80000 	C:\WINDOWS\System32\clbcatq.dll
0x72770000 - 0x728d9000 	C:\WINDOWS\SYSTEM32\WindowsCodecs.dll
0x6d510000 - 0x6d541000 	C:\WINDOWS\system32\dataexchange.dll
0x6d1c0000 - 0x6d329000 	C:\WINDOWS\system32\dcomp.dll
0x6d330000 - 0x6d50e000 	C:\WINDOWS\system32\d3d11.dll
0x72220000 - 0x722e1000 	C:\WINDOWS\system32\dxgi.dll
0x6cfd0000 - 0x6d1b4000 	C:\WINDOWS\system32\twinapi.appcore.dll
0x6cfb0000 - 0x6cfcf000 	C:\WINDOWS\system32\RMCLIENT.dll
0x74240000 - 0x74291000 	C:\WINDOWS\System32\fwpuclnt.dll
0x70040000 - 0x701cf000 	C:\WINDOWS\SYSTEM32\dbghelp.dll

VM Arguments:
jvm_args: -Dsun.java2d.d3d=false -Djna.nosys=true -Djna.nounpack=true -Djna.boot.library.name=jnidispatch-4.2.2-win32-x86 -Djna.boot.library.path=C:\Program Files (x86)\Arduino/lib -Djssc.library.path=C:\Program Files (x86)\Arduino/lib -DAPP_DIR=C:\Program Files (x86)\Arduino -Xms128M -Xmx512M -Dfile.encoding=UTF8 
java_command: processing.app.Base C:\Users\Tev\Desktop\LMFAO_V4_6_0\LMFAO_V4_6_0.ino
java_class_path (initial): C:\Program Files (x86)\Arduino\lib\apple.jar;C:\Program Files (x86)\Arduino\lib\arduino-core.jar;C:\Program Files (x86)\Arduino\lib\batik-1.8.jar;C:\Program Files (x86)\Arduino\lib\batik-anim-1.8.jar;C:\Program Files (x86)\Arduino\lib\batik-awt-util-1.8.jar;C:\Program Files (x86)\Arduino\lib\batik-bridge-1.8.jar;C:\Program Files (x86)\Arduino\lib\batik-codec-1.8.jar;C:\Program Files (x86)\Arduino\lib\batik-css-1.8.jar;C:\Program Files (x86)\Arduino\lib\batik-dom-1.8.jar;C:\Program Files (x86)\Arduino\lib\batik-ext-1.8.jar;C:\Program Files (x86)\Arduino\lib\batik-gvt-1.8.jar;C:\Program Files (x86)\Arduino\lib\batik-parser-1.8.jar;C:\Program Files (x86)\Arduino\lib\batik-rasterizer-1.8.jar;C:\Program Files (x86)\Arduino\lib\batik-script-1.8.jar;C:\Program Files (x86)\Arduino\lib\batik-squiggle-1.8.jar;C:\Program Files (x86)\Arduino\lib\batik-svg-dom-1.8.jar;C:\Program Files (x86)\Arduino\lib\batik-svgpp-1.8.jar;C:\Program Files (x86)\Arduino\lib\batik-transcoder-1.8.jar;C:\Program Files (x86)\Arduino\lib\batik-util-1.8.jar;C:\Program Files (x86)\Arduino\lib\batik-xml-1.8.jar;C:\Program Files (x86)\Arduino\lib\bcpg-jdk15on-152.jar;C:\Program Files (x86)\Arduino\lib\bcprov-jdk15on-152.jar;C:\Program Files (x86)\Arduino\lib\commons-codec-1.7.jar;C:\Program Files (x86)\Arduino\lib\commons-compress-1.8.jar;C:\Program Files (x86)\Arduino\lib\commons-exec-1.1.jar;C:\Program Files (x86)\Arduino\lib\commons-httpclient-3.1.jar;C:\Program Files (x86)\Arduino\lib\commons-lang3-3.3.2.jar;C:\Program Files (x86)\Arduino\lib\commons-logging-1.0.4.jar;C:\Program Files (x86)\Arduino\lib\commons-net-3.3.jar;C:\Program Files (x86)\Arduino\lib\jackson-annotations-2.9.5.jar;C:\Program Files (x86)\Arduino\lib\jackson-core-2.9.5.jar;C:\Program Files (x86)\Arduino\lib\jackson-databind-2.9.5.jar;C:\Program Files (x86)\Arduino\lib\jackson-module-mrbean-2.9.5.jar;C:\Program Files (x86)\Arduino\lib\java-semver-0.8.0.jar;C:\Program Files (x86)\Arduino\lib\jmdns-3.5.3.j
Launcher Type: SUN_STANDARD

Environment Variables:
PATH=C:\Program Files (x86)\Common Files\Oracle\Java\javapath;C:\Perl64\site\bin;C:\Perl64\bin;P:\Python36\Scripts\;P:\Python36\;C:\Program Files (x86)\Intel\iCLS Client\;C:\Program Files\Intel\iCLS Client\;C:\Windows\system32;C:\Windows;C:\Windows\System32\Wbem;C:\Windows\System32\WindowsPowerShell\v1.0\;C:\Program Files (x86)\Intel\Intel(R) Management Engine Components\DAL;C:\Program Files\Intel\Intel(R) Management Engine Components\DAL;C:\Program Files (x86)\Intel\Intel(R) Management Engine Components\IPT;C:\Program Files\Intel\Intel(R) Management Engine Components\IPT;C:\Program Files (x86)\Windows Live\Shared;C:\Program Files\PuTTY\;C:\Program Files\Git\cmd;C:\WINDOWS\system32;C:\WINDOWS;C:\WINDOWS\System32\Wbem;C:\WINDOWS\System32\WindowsPowerShell\v1.0\;C:\WINDOWS\System32\OpenSSH\;C:\Program Files (x86)\NVIDIA Corporation\PhysX\Common;C:\Program Files\dotnet\;C:\Python27;C:\Program Files\NASM;;C:\Program Files\NVIDIA Corporation\NVIDIA NvDLISR;C:\WINDOWS\system32;C:\WINDOWS;C:\WINDOWS\System32\Wbem;C:\WINDOWS\System32\WindowsPowerShell\v1.0\;C:\WINDOWS\System32\OpenSSH\;C:\Users\Tev\AppData\Local\Programs\Python\Python36-32\Scripts\;C:\Users\Tev\AppData\Local\Programs\Python\Python36-32\;C:\Users\Tev\AppData\Local\Microsoft\WindowsApps;C:\Program Files (x86)\Mikero\DePboTools\bin;;C:\Users\Tev\AppData\Local\Programs\Microsoft VS Code\bin;C:\Program Files (x86)\Arduino\java\bin
USERNAME=Tev
OS=Windows_NT
PROCESSOR_IDENTIFIER=Intel64 Family 6 Model 158 Stepping 9, GenuineIntel



---------------  S Y S T E M  ---------------

OS: Windows 10.0 , 64 bit Build 18362 (10.0.18362.329)

CPU:total 8 (initial active 8) (4 cores per cpu, 2 threads per core) family 6 model 158 stepping 9, cmov, cx8, fxsr, mmx, sse, sse2, sse3, ssse3, sse4.1, sse4.2, popcnt, avx, avx2, aes, clmul, erms, rtm, 3dnowpref, lzcnt, ht, tsc, tscinvbit, bmi1, bmi2, adx

Memory: 4k page, physical 16671696k(8210488k free), swap 37643216k(25298860k free)

vm_info: Java HotSpot(TM) Client VM (25.191-b12) for windows-x86 JRE (1.8.0_191-b12), built on Oct  6 2018 08:34:23 by "java_re" with MS VC++ 10.0 (VS2010)

time: Tue Oct 29 21:08:52 2019
elapsed time: 4 seconds (0d 0h 0m 4s)

